Base path: 'C:/Program Files/Unity/Hub/Editor/2019.2.10f1/Editor/Data', plugins path 'C:/Program Files/Unity/Hub/Editor/2019.2.10f1/Editor/Data/PlaybackEngines'
Cmd: initializeCompiler
Cmd: compileComputeKernel
  api=4 insize=12733 outsize=1004 ok=1
Cmd: compileComputeKernel
  api=4 insize=65748 outsize=2569 ok=1
Cmd: compileComputeKernel
  api=4 insize=65748 outsize=4621 ok=1
Cmd: compileComputeKernel
  api=4 insize=65748 outsize=5347 ok=1
Cmd: compileComputeKernel
  api=4 insize=4631 outsize=1831 ok=1
Cmd: compileComputeKernel
  api=4 insize=24259 outsize=10633 ok=1
Cmd: compileComputeKernel
  api=4 insize=28420 outsize=2583 ok=1
Cmd: compileComputeKernel
  api=4 insize=28420 outsize=2014 ok=1
Cmd: compileComputeKernel
  api=4 insize=28420 outsize=1574 ok=1
Cmd: compileComputeKernel
  api=4 insize=28420 outsize=1354 ok=1
Cmd: compileComputeKernel
  api=4 insize=28420 outsize=1368 ok=1
Cmd: compileComputeKernel
  api=4 insize=28420 outsize=1296 ok=1
Cmd: compileComputeKernel
  api=4 insize=28420 outsize=1349 ok=1
Cmd: compileComputeKernel
  api=4 insize=28420 outsize=1831 ok=1
Cmd: compileComputeKernel
  api=4 insize=28420 outsize=1326 ok=1
Cmd: compileComputeKernel
  api=4 insize=28420 outsize=1327 ok=1
Cmd: compileComputeKernel
  api=4 insize=21203 outsize=801 ok=1
Cmd: compileComputeKernel
  api=4 insize=21203 outsize=849 ok=1
Cmd: compileComputeKernel
  api=4 insize=21203 outsize=945 ok=1
Cmd: compileComputeKernel
  api=4 insize=21203 outsize=791 ok=1
Cmd: compileComputeKernel
  api=4 insize=21203 outsize=1257 ok=1
Cmd: compileComputeKernel
  api=4 insize=21203 outsize=1246 ok=1
Cmd: compileComputeKernel
  api=4 insize=21203 outsize=1449 ok=1
Cmd: compileComputeKernel
  api=4 insize=21203 outsize=1331 ok=1
Cmd: compileComputeKernel
  api=4 insize=21203 outsize=1305 ok=1
Cmd: compileComputeKernel
  api=4 insize=21203 outsize=1387 ok=1
Cmd: compileComputeKernel
  api=4 insize=21203 outsize=1296 ok=1
Cmd: compileComputeKernel
  api=4 insize=21203 outsize=1296 ok=1
Cmd: compileComputeKernel
  api=4 insize=21203 outsize=1616 ok=1
Cmd: compileSnippet
  api=4 type=0 insize=2355 outsize=790 kw= pd=UNITY_ENABLE_REFLECTION_BUFFERS UNITY_USE_DITHER_MASK_FOR_ALPHABLENDED_SHADOWS UNITY_PBS_USE_BRDF1 UNITY_SPECCUBE_BOX_PROJECTION UNITY_SPECCUBE_BLENDING UNITY_ENABLE_DETAIL_NORMALMAP SHADER_API_DESKTOP UNITY_COLORSPACE_GAMMA UNITY_LIGHT_PROBE_PROXY_VOLUME UNITY_LIGHTMAP_FULL_HDR ok=1
Cmd: compileSnippet
  api=4 type=0 insize=11846 outsize=1258 kw=SHADOWS_SPLIT_SPHERES pd=UNITY_ENABLE_REFLECTION_BUFFERS UNITY_USE_DITHER_MASK_FOR_ALPHABLENDED_SHADOWS UNITY_PBS_USE_BRDF1 UNITY_SPECCUBE_BOX_PROJECTION UNITY_SPECCUBE_BLENDING UNITY_ENABLE_DETAIL_NORMALMAP SHADER_API_DESKTOP UNITY_COLORSPACE_GAMMA UNITY_LIGHT_PROBE_PROXY_VOLUME UNITY_LIGHTMAP_FULL_HDR ok=1
Cmd: compileSnippet
  api=4 type=1 insize=17531 outsize=3022 kw=UNITY_PASS_FORWARDBASE DIRECTIONAL SHADOWS_SCREEN LIGHTPROBE_SH pd=UNITY_ENABLE_REFLECTION_BUFFERS UNITY_USE_DITHER_MASK_FOR_ALPHABLENDED_SHADOWS UNITY_PBS_USE_BRDF1 UNITY_SPECCUBE_BOX_PROJECTION UNITY_SPECCUBE_BLENDING UNITY_ENABLE_DETAIL_NORMALMAP SHADER_API_DESKTOP UNITY_COLORSPACE_GAMMA UNITY_LIGHT_PROBE_PROXY_VOLUME UNITY_LIGHTMAP_FULL_HDR ok=1
Cmd: compileSnippet
  api=4 type=0 insize=24424 outsize=1714 kw=UNITY_PASS_FORWARDBASE DIRECTIONAL SHADOWS_SCREEN LIGHTPROBE_SH pd=UNITY_ENABLE_REFLECTION_BUFFERS UNITY_USE_DITHER_MASK_FOR_ALPHABLENDED_SHADOWS UNITY_PBS_USE_BRDF1 UNITY_SPECCUBE_BOX_PROJECTION UNITY_SPECCUBE_BLENDING UNITY_ENABLE_DETAIL_NORMALMAP SHADER_API_DESKTOP UNITY_COLORSPACE_GAMMA UNITY_LIGHT_PROBE_PROXY_VOLUME UNITY_LIGHTMAP_FULL_HDR ok=1
Cmd: compileSnippet
  api=4 type=0 insize=7271 outsize=3066 kw=UNITY_PASS_SHADOWCASTER SHADOWS_DEPTH pd=UNITY_ENABLE_REFLECTION_BUFFERS UNITY_USE_DITHER_MASK_FOR_ALPHABLENDED_SHADOWS UNITY_PBS_USE_BRDF1 UNITY_SPECCUBE_BOX_PROJECTION UNITY_SPECCUBE_BLENDING UNITY_ENABLE_DETAIL_NORMALMAP SHADER_API_DESKTOP UNITY_COLORSPACE_GAMMA UNITY_LIGHT_PROBE_PROXY_VOLUME UNITY_LIGHTMAP_FULL_HDR ok=1
Cmd: compileSnippet
  api=4 type=0 insize=158683 outsize=1598 kw=UNITY_PASS_FORWARDBASE DIRECTIONAL LIGHTPROBE_SH pd=UNITY_ENABLE_REFLECTION_BUFFERS UNITY_USE_DITHER_MASK_FOR_ALPHABLENDED_SHADOWS UNITY_PBS_USE_BRDF1 UNITY_SPECCUBE_BOX_PROJECTION UNITY_SPECCUBE_BLENDING UNITY_ENABLE_DETAIL_NORMALMAP SHADER_API_DESKTOP UNITY_COLORSPACE_GAMMA UNITY_LIGHT_PROBE_PROXY_VOLUME UNITY_LIGHTMAP_FULL_HDR ok=1
